2023-12-26 10:02:35.259411+00:00 [notice] <0.230.0> Logging: configured log handlers are now ACTIVE
2023-12-26 10:02:35.427060+00:00 [info] <0.230.0> ra: starting system quorum_queues
2023-12-26 10:02:35.427107+00:00 [info] <0.230.0> starting Ra system: quorum_queues in directory: /var/lib/rabbitmq/mnesia/rabbit@b4431c155995/quorum/rabbit@b4431c155995
2023-12-26 10:02:35.479056+00:00 [info] <0.262.0> ra system 'quorum_queues' running pre init for 0 registered servers
2023-12-26 10:02:35.489863+00:00 [info] <0.263.0> ra: meta data store initialised for system quorum_queues. 0 record(s) recovered
2023-12-26 10:02:35.506277+00:00 [notice] <0.268.0> WAL: ra_log_wal init, open tbls: ra_log_open_mem_tables, closed tbls: ra_log_closed_mem_tables
2023-12-26 10:02:35.511061+00:00 [info] <0.230.0> ra: starting system coordination
2023-12-26 10:02:35.511095+00:00 [info] <0.230.0> starting Ra system: coordination in directory: /var/lib/rabbitmq/mnesia/rabbit@b4431c155995/coordination/rabbit@b4431c155995
2023-12-26 10:02:35.513724+00:00 [info] <0.275.0> ra system 'coordination' running pre init for 0 registered servers
2023-12-26 10:02:35.515367+00:00 [info] <0.276.0> ra: meta data store initialised for system coordination. 0 record(s) recovered
2023-12-26 10:02:35.515445+00:00 [notice] <0.281.0> WAL: ra_coordination_log_wal init, open tbls: ra_coordination_log_open_mem_tables, closed tbls: ra_coordination_log_closed_mem_tables
2023-12-26 10:02:35.517989+00:00 [info] <0.230.0> 
2023-12-26 10:02:35.517989+00:00 [info] <0.230.0>  Starting RabbitMQ 3.12.2-beta.1 on Erlang 25.3.2.3 [jit]
2023-12-26 10:02:35.517989+00:00 [info] <0.230.0>  Copyright (c) 2007-2023 VMware, Inc. or its affiliates.
2023-12-26 10:02:35.517989+00:00 [info] <0.230.0>  Licensed under the MPL 2.0. Website: https://rabbitmq.com
2023-12-26 10:02:35.519421+00:00 [info] <0.230.0> 
2023-12-26 10:02:35.519421+00:00 [info] <0.230.0>  node           : rabbit@b4431c155995
2023-12-26 10:02:35.519421+00:00 [info] <0.230.0>  home dir       : /var/lib/rabbitmq
2023-12-26 10:02:35.519421+00:00 [info] <0.230.0>  config file(s) : (none)
2023-12-26 10:02:35.519421+00:00 [info] <0.230.0>  cookie hash    : 8eFobFkdNqT4N1criZG0eA==
2023-12-26 10:02:35.519421+00:00 [info] <0.230.0>  log(s)         : /var/log/rabbitmq/rabbit@b4431c155995.log
2023-12-26 10:02:35.519421+00:00 [info] <0.230.0>                 : <stdout>
2023-12-26 10:02:35.519421+00:00 [info] <0.230.0>  data dir       : /var/lib/rabbitmq/mnesia/rabbit@b4431c155995
2023-12-26 10:02:39.770463+00:00 [info] <0.230.0> Running boot step pre_boot defined by app rabbit
2023-12-26 10:02:39.770549+00:00 [info] <0.230.0> Running boot step rabbit_global_counters defined by app rabbit
2023-12-26 10:02:39.770787+00:00 [info] <0.230.0> Running boot step rabbit_osiris_metrics defined by app rabbit
2023-12-26 10:02:39.770920+00:00 [info] <0.230.0> Running boot step rabbit_core_metrics defined by app rabbit
2023-12-26 10:02:39.771351+00:00 [info] <0.230.0> Running boot step rabbit_alarm defined by app rabbit
2023-12-26 10:02:39.774451+00:00 [info] <0.303.0> Memory high watermark set to 3138 MiB (3291122892 bytes) of 7846 MiB (8227807232 bytes) total
2023-12-26 10:02:39.776956+00:00 [info] <0.305.0> Enabling free disk space monitoring (disk free space: 69629489152, total memory: 8227807232)
2023-12-26 10:02:39.776985+00:00 [info] <0.305.0> Disk free limit set to 50MB
2023-12-26 10:02:39.778020+00:00 [info] <0.230.0> Running boot step code_server_cache defined by app rabbit
2023-12-26 10:02:39.778074+00:00 [info] <0.230.0> Running boot step file_handle_cache defined by app rabbit
2023-12-26 10:02:39.778249+00:00 [info] <0.308.0> Limiting to approx 1048479 file handles (943629 sockets)
2023-12-26 10:02:39.778330+00:00 [info] <0.309.0> FHC read buffering: OFF
2023-12-26 10:02:39.778348+00:00 [info] <0.309.0> FHC write buffering: ON
2023-12-26 10:02:39.778737+00:00 [info] <0.230.0> Running boot step worker_pool defined by app rabbit
2023-12-26 10:02:39.778785+00:00 [info] <0.283.0> Will use 8 processes for default worker pool
2023-12-26 10:02:39.778808+00:00 [info] <0.283.0> Starting worker pool 'worker_pool' with 8 processes in it
2023-12-26 10:02:39.779090+00:00 [info] <0.230.0> Running boot step database defined by app rabbit
2023-12-26 10:02:39.780143+00:00 [info] <0.230.0> Node database directory at /var/lib/rabbitmq/mnesia/rabbit@b4431c155995 is empty. Assuming we need to join an existing cluster or initialise from scratch...
2023-12-26 10:02:39.780186+00:00 [info] <0.230.0> Configured peer discovery backend: rabbit_peer_discovery_classic_config
2023-12-26 10:02:39.780204+00:00 [info] <0.230.0> Will try to lock with peer discovery backend rabbit_peer_discovery_classic_config
2023-12-26 10:02:39.780252+00:00 [info] <0.230.0> All discovered existing cluster peers:
2023-12-26 10:02:39.780270+00:00 [info] <0.230.0> Discovered no peer nodes to cluster with. Some discovery backends can filter nodes out based on a readiness criteria. Enabling debug logging might help troubleshoot.
2023-12-26 10:02:39.782416+00:00 [notice] <0.44.0> Application mnesia exited with reason: stopped
2023-12-26 10:02:39.854276+00:00 [info] <0.230.0> Waiting for Mnesia tables for 30000 ms, 9 retries left
2023-12-26 10:02:39.854390+00:00 [info] <0.230.0> Successfully synced tables from a peer
2023-12-26 10:02:39.854642+00:00 [notice] <0.284.0> Feature flags: attempt to enable `stream_sac_coordinator_unblock_group`...
2023-12-26 10:02:39.871676+00:00 [notice] <0.284.0> Feature flags: `stream_sac_coordinator_unblock_group` enabled
2023-12-26 10:02:39.871754+00:00 [notice] <0.284.0> Feature flags: attempt to enable `restart_streams`...
2023-12-26 10:02:39.885891+00:00 [notice] <0.284.0> Feature flags: `restart_streams` enabled
2023-12-26 10:02:39.886101+00:00 [info] <0.230.0> Waiting for Mnesia tables for 30000 ms, 9 retries left
2023-12-26 10:02:39.886286+00:00 [info] <0.230.0> Successfully synced tables from a peer
2023-12-26 10:02:39.889303+00:00 [info] <0.230.0> Waiting for Mnesia tables for 30000 ms, 9 retries left
2023-12-26 10:02:39.889382+00:00 [info] <0.230.0> Successfully synced tables from a peer
2023-12-26 10:02:39.889414+00:00 [info] <0.230.0> Peer discovery backend rabbit_peer_discovery_classic_config does not support registration, skipping registration.
2023-12-26 10:02:39.889433+00:00 [info] <0.230.0> Will try to unlock with peer discovery backend rabbit_peer_discovery_classic_config
2023-12-26 10:02:39.889554+00:00 [info] <0.230.0> Running boot step tracking_metadata_store defined by app rabbit
2023-12-26 10:02:39.889613+00:00 [info] <0.490.0> Setting up a table for connection tracking on this node: tracked_connection
2023-12-26 10:02:39.889641+00:00 [info] <0.490.0> Setting up a table for per-vhost connection counting on this node: tracked_connection_per_vhost
2023-12-26 10:02:39.889672+00:00 [info] <0.490.0> Setting up a table for per-user connection counting on this node: tracked_connection_per_user
2023-12-26 10:02:39.889703+00:00 [info] <0.490.0> Setting up a table for channel tracking on this node: tracked_channel
2023-12-26 10:02:39.889723+00:00 [info] <0.490.0> Setting up a table for channel tracking on this node: tracked_channel_per_user
2023-12-26 10:02:39.889750+00:00 [info] <0.230.0> Running boot step networking_metadata_store defined by app rabbit
2023-12-26 10:02:39.889792+00:00 [info] <0.230.0> Running boot step feature_flags defined by app rabbit
2023-12-26 10:02:39.889961+00:00 [info] <0.230.0> Running boot step codec_correctness_check defined by app rabbit
2023-12-26 10:02:39.889981+00:00 [info] <0.230.0> Running boot step external_infrastructure defined by app rabbit
2023-12-26 10:02:39.889996+00:00 [info] <0.230.0> Running boot step rabbit_event defined by app rabbit
2023-12-26 10:02:39.890061+00:00 [info] <0.230.0> Running boot step rabbit_registry defined by app rabbit
2023-12-26 10:02:39.890098+00:00 [info] <0.230.0> Running boot step rabbit_auth_mechanism_amqplain defined by app rabbit
2023-12-26 10:02:39.890138+00:00 [info] <0.230.0> Running boot step rabbit_auth_mechanism_cr_demo defined by app rabbit
2023-12-26 10:02:39.890175+00:00 [info] <0.230.0> Running boot step rabbit_auth_mechanism_plain defined by app rabbit
2023-12-26 10:02:39.890207+00:00 [info] <0.230.0> Running boot step rabbit_exchange_type_direct defined by app rabbit
2023-12-26 10:02:39.890229+00:00 [info] <0.230.0> Running boot step rabbit_exchange_type_fanout defined by app rabbit
2023-12-26 10:02:39.890263+00:00 [info] <0.230.0> Running boot step rabbit_exchange_type_headers defined by app rabbit
2023-12-26 10:02:39.890287+00:00 [info] <0.230.0> Running boot step rabbit_exchange_type_topic defined by app rabbit
2023-12-26 10:02:39.890307+00:00 [info] <0.230.0> Running boot step rabbit_mirror_queue_mode_all defined by app rabbit
2023-12-26 10:02:39.890332+00:00 [info] <0.230.0> Running boot step rabbit_mirror_queue_mode_exactly defined by app rabbit
2023-12-26 10:02:39.890353+00:00 [info] <0.230.0> Running boot step rabbit_mirror_queue_mode_nodes defined by app rabbit
2023-12-26 10:02:39.890375+00:00 [info] <0.230.0> Running boot step rabbit_priority_queue defined by app rabbit
2023-12-26 10:02:39.890386+00:00 [info] <0.230.0> Priority queues enabled, real BQ is rabbit_variable_queue
2023-12-26 10:02:39.890418+00:00 [info] <0.230.0> Running boot step rabbit_queue_location_client_local defined by app rabbit
2023-12-26 10:02:39.890445+00:00 [info] <0.230.0> Running boot step rabbit_queue_location_min_masters defined by app rabbit
2023-12-26 10:02:39.890481+00:00 [info] <0.230.0> Running boot step rabbit_queue_location_random defined by app rabbit
2023-12-26 10:02:39.890506+00:00 [info] <0.230.0> Running boot step kernel_ready defined by app rabbit
2023-12-26 10:02:39.890514+00:00 [info] <0.230.0> Running boot step rabbit_sysmon_minder defined by app rabbit
2023-12-26 10:02:39.890637+00:00 [info] <0.230.0> Running boot step rabbit_epmd_monitor defined by app rabbit
2023-12-26 10:02:39.891676+00:00 [info] <0.498.0> epmd monitor knows us, inter-node communication (distribution) port: 25672
2023-12-26 10:02:39.891728+00:00 [info] <0.230.0> Running boot step guid_generator defined by app rabbit
2023-12-26 10:02:39.894303+00:00 [info] <0.230.0> Running boot step rabbit_node_monitor defined by app rabbit
2023-12-26 10:02:39.894592+00:00 [info] <0.502.0> Starting rabbit_node_monitor
2023-12-26 10:02:39.894646+00:00 [info] <0.230.0> Running boot step delegate_sup defined by app rabbit
2023-12-26 10:02:39.895660+00:00 [info] <0.230.0> Running boot step rabbit_memory_monitor defined by app rabbit
2023-12-26 10:02:39.895776+00:00 [info] <0.230.0> Running boot step rabbit_fifo_dlx_sup defined by app rabbit
2023-12-26 10:02:39.895813+00:00 [info] <0.230.0> Running boot step core_initialized defined by app rabbit
2023-12-26 10:02:39.895837+00:00 [info] <0.230.0> Running boot step rabbit_channel_tracking_handler defined by app rabbit
2023-12-26 10:02:39.895857+00:00 [info] <0.230.0> Running boot step rabbit_connection_tracking_handler defined by app rabbit
2023-12-26 10:02:39.895871+00:00 [info] <0.230.0> Running boot step rabbit_definitions_hashing defined by app rabbit
2023-12-26 10:02:39.895907+00:00 [info] <0.230.0> Running boot step rabbit_exchange_parameters defined by app rabbit
2023-12-26 10:02:39.896046+00:00 [info] <0.230.0> Running boot step rabbit_mirror_queue_misc defined by app rabbit
2023-12-26 10:02:39.896216+00:00 [info] <0.230.0> Running boot step rabbit_policies defined by app rabbit
2023-12-26 10:02:39.896362+00:00 [info] <0.230.0> Running boot step rabbit_policy defined by app rabbit
2023-12-26 10:02:39.896400+00:00 [info] <0.230.0> Running boot step rabbit_queue_location_validator defined by app rabbit
2023-12-26 10:02:39.896420+00:00 [info] <0.230.0> Running boot step rabbit_quorum_memory_manager defined by app rabbit
2023-12-26 10:02:39.896436+00:00 [info] <0.230.0> Running boot step rabbit_stream_coordinator defined by app rabbit
2023-12-26 10:02:39.896648+00:00 [info] <0.230.0> Running boot step rabbit_vhost_limit defined by app rabbit
2023-12-26 10:02:39.896687+00:00 [info] <0.230.0> Running boot step recovery defined by app rabbit
2023-12-26 10:02:39.897140+00:00 [info] <0.230.0> Running boot step empty_db_check defined by app rabbit
2023-12-26 10:02:39.897161+00:00 [info] <0.230.0> Will seed default virtual host and user...
2023-12-26 10:02:39.897201+00:00 [info] <0.230.0> Adding vhost '/' (description: 'Default virtual host', tags: [])
2023-12-26 10:02:39.897810+00:00 [info] <0.230.0> Inserted a virtual host record {vhost,<<"/">>,[],
2023-12-26 10:02:39.897810+00:00 [info] <0.230.0>                                       #{description =>
2023-12-26 10:02:39.897810+00:00 [info] <0.230.0>                                             <<"Default virtual host">>,
2023-12-26 10:02:39.897810+00:00 [info] <0.230.0>                                         tags => []}}
2023-12-26 10:02:39.900294+00:00 [info] <0.543.0> Making sure data directory '/var/lib/rabbitmq/mnesia/rabbit@b4431c155995/msg_stores/vhosts/628WB79CIFDYO9LJI6DKMI09L' for vhost '/' exists
2023-12-26 10:02:39.901800+00:00 [info] <0.543.0> Setting segment_entry_count for vhost '/' with 0 queues to '2048'
2023-12-26 10:02:39.904173+00:00 [info] <0.543.0> Starting message stores for vhost '/'
2023-12-26 10:02:39.904285+00:00 [info] <0.553.0> Message store "628WB79CIFDYO9LJI6DKMI09L/msg_store_transient": using rabbit_msg_store_ets_index to provide index
2023-12-26 10:02:39.907707+00:00 [info] <0.543.0> Started message store of type transient for vhost '/'
2023-12-26 10:02:39.907811+00:00 [info] <0.557.0> Message store "628WB79CIFDYO9LJI6DKMI09L/msg_store_persistent": using rabbit_msg_store_ets_index to provide index
2023-12-26 10:02:39.908885+00:00 [warning] <0.557.0> Message store "628WB79CIFDYO9LJI6DKMI09L/msg_store_persistent": rebuilding indices from scratch
2023-12-26 10:02:39.909878+00:00 [info] <0.543.0> Started message store of type persistent for vhost '/'
2023-12-26 10:02:39.909956+00:00 [info] <0.543.0> Recovering 0 queues of type rabbit_classic_queue took 7ms
2023-12-26 10:02:39.909973+00:00 [info] <0.543.0> Recovering 0 queues of type rabbit_quorum_queue took 0ms
2023-12-26 10:02:39.909987+00:00 [info] <0.543.0> Recovering 0 queues of type rabbit_stream_queue took 0ms
2023-12-26 10:02:39.911048+00:00 [info] <0.230.0> Created user 'guest'
2023-12-26 10:02:39.911334+00:00 [info] <0.230.0> Successfully set user tags for user 'guest' to [administrator]
2023-12-26 10:02:39.911655+00:00 [info] <0.230.0> Successfully set permissions for user 'guest' in virtual host '/' to '.*', '.*', '.*'
2023-12-26 10:02:39.911679+00:00 [info] <0.230.0> Running boot step rabbit_observer_cli defined by app rabbit
2023-12-26 10:02:39.911724+00:00 [info] <0.230.0> Running boot step rabbit_looking_glass defined by app rabbit
2023-12-26 10:02:39.911759+00:00 [info] <0.230.0> Running boot step rabbit_core_metrics_gc defined by app rabbit
2023-12-26 10:02:39.911845+00:00 [info] <0.230.0> Running boot step background_gc defined by app rabbit
2023-12-26 10:02:39.911928+00:00 [info] <0.230.0> Running boot step routing_ready defined by app rabbit
2023-12-26 10:02:39.911941+00:00 [info] <0.230.0> Running boot step pre_flight defined by app rabbit
2023-12-26 10:02:39.911948+00:00 [info] <0.230.0> Running boot step notify_cluster defined by app rabbit
2023-12-26 10:02:39.911961+00:00 [info] <0.230.0> Running boot step networking defined by app rabbit
2023-12-26 10:02:39.911984+00:00 [info] <0.230.0> Running boot step definition_import_worker_pool defined by app rabbit
2023-12-26 10:02:39.912006+00:00 [info] <0.283.0> Starting worker pool 'definition_import_pool' with 8 processes in it
2023-12-26 10:02:39.912230+00:00 [info] <0.230.0> Running boot step cluster_name defined by app rabbit
2023-12-26 10:02:39.912306+00:00 [info] <0.230.0> Initialising internal cluster ID to 'rabbitmq-cluster-id-ksXp6VZcllPCbreMbyV0qQ'
2023-12-26 10:02:39.912895+00:00 [info] <0.230.0> Running boot step direct_client defined by app rabbit
2023-12-26 10:02:39.912984+00:00 [info] <0.230.0> Running boot step rabbit_maintenance_mode_state defined by app rabbit
2023-12-26 10:02:39.913026+00:00 [info] <0.230.0> Creating table rabbit_node_maintenance_states for maintenance mode status
2023-12-26 10:02:39.915780+00:00 [info] <0.599.0> Resetting node maintenance status
2023-12-26 10:02:39.915865+00:00 [info] <0.599.0> Ready to start client connection listeners
2023-12-26 10:02:39.917075+00:00 [info] <0.617.0> started TCP listener on [::]:5672
2023-12-26 10:02:39.996858+00:00 [info] <0.599.0> Server startup complete; 0 plugins started.
2023-12-26 10:03:02.274622+00:00 [info] <0.649.0> accepting AMQP connection <0.649.0> (172.18.0.4:55424 -> 172.18.0.3:5672)
2023-12-26 10:03:02.278449+00:00 [error] <0.649.0> Error on AMQP connection <0.649.0> (172.18.0.4:55424 -> 172.18.0.3:5672, state: starting):
2023-12-26 10:03:02.278449+00:00 [error] <0.649.0> PLAIN login refused: user 'guest' can only connect via localhost
2023-12-26 10:03:02.279353+00:00 [info] <0.649.0> closing AMQP connection <0.649.0> (172.18.0.4:55424 -> 172.18.0.3:5672)
2023-12-26 10:03:04.149458+00:00 [info] <0.654.0> accepting AMQP connection <0.654.0> (172.18.0.5:57950 -> 172.18.0.3:5672)
2023-12-26 10:03:04.153141+00:00 [error] <0.654.0> Error on AMQP connection <0.654.0> (172.18.0.5:57950 -> 172.18.0.3:5672, state: starting):
2023-12-26 10:03:04.153141+00:00 [error] <0.654.0> PLAIN login refused: user 'guest' can only connect via localhost
2023-12-26 10:03:04.155454+00:00 [info] <0.654.0> closing AMQP connection <0.654.0> (172.18.0.5:57950 -> 172.18.0.3:5672)
2023-12-26 10:05:00.148943+00:00 [notice] <0.61.0> SIGTERM received - shutting down
2023-12-26 10:05:00.148943+00:00 [notice] <0.61.0> 
2023-12-26 10:05:00.150136+00:00 [info] <0.230.0> Peer discovery backend rabbit_peer_discovery_classic_config does not support registration, skipping unregistration.
2023-12-26 10:05:00.150384+00:00 [info] <0.617.0> stopped TCP listener on [::]:5672
2023-12-26 10:05:00.151052+00:00 [info] <0.833.0> Closing all connections in vhost '/' on node 'rabbit@b4431c155995' because the vhost is stopping
2023-12-26 10:05:00.151102+00:00 [info] <0.557.0> Stopping message store for directory '/var/lib/rabbitmq/mnesia/rabbit@b4431c155995/msg_stores/vhosts/628WB79CIFDYO9LJI6DKMI09L/msg_store_persistent'
2023-12-26 10:05:00.155046+00:00 [info] <0.557.0> Message store for directory '/var/lib/rabbitmq/mnesia/rabbit@b4431c155995/msg_stores/vhosts/628WB79CIFDYO9LJI6DKMI09L/msg_store_persistent' is stopped
2023-12-26 10:05:00.155132+00:00 [info] <0.553.0> Stopping message store for directory '/var/lib/rabbitmq/mnesia/rabbit@b4431c155995/msg_stores/vhosts/628WB79CIFDYO9LJI6DKMI09L/msg_store_transient'
2023-12-26 10:05:00.158151+00:00 [info] <0.553.0> Message store for directory '/var/lib/rabbitmq/mnesia/rabbit@b4431c155995/msg_stores/vhosts/628WB79CIFDYO9LJI6DKMI09L/msg_store_transient' is stopped
2023-12-26 10:05:27.131811+00:00 [notice] <0.230.0> Logging: configured log handlers are now ACTIVE
2023-12-26 10:05:27.318010+00:00 [info] <0.230.0> ra: starting system quorum_queues
2023-12-26 10:05:27.318079+00:00 [info] <0.230.0> starting Ra system: quorum_queues in directory: /var/lib/rabbitmq/mnesia/rabbit@b4431c155995/quorum/rabbit@b4431c155995
2023-12-26 10:05:27.332667+00:00 [info] <0.337.0> ra system 'quorum_queues' running pre init for 0 registered servers
2023-12-26 10:05:27.338015+00:00 [info] <0.338.0> ra: meta data store initialised for system quorum_queues. 0 record(s) recovered
2023-12-26 10:05:27.345732+00:00 [notice] <0.343.0> WAL: ra_log_wal init, open tbls: ra_log_open_mem_tables, closed tbls: ra_log_closed_mem_tables
2023-12-26 10:05:27.350509+00:00 [info] <0.230.0> ra: starting system coordination
2023-12-26 10:05:27.350532+00:00 [info] <0.230.0> starting Ra system: coordination in directory: /var/lib/rabbitmq/mnesia/rabbit@b4431c155995/coordination/rabbit@b4431c155995
2023-12-26 10:05:27.351262+00:00 [info] <0.350.0> ra system 'coordination' running pre init for 0 registered servers
2023-12-26 10:05:27.351865+00:00 [info] <0.351.0> ra: meta data store initialised for system coordination. 0 record(s) recovered
2023-12-26 10:05:27.351934+00:00 [notice] <0.356.0> WAL: ra_coordination_log_wal init, open tbls: ra_coordination_log_open_mem_tables, closed tbls: ra_coordination_log_closed_mem_tables
2023-12-26 10:05:27.353863+00:00 [info] <0.230.0> 
2023-12-26 10:05:27.353863+00:00 [info] <0.230.0>  Starting RabbitMQ 3.12.2-beta.1 on Erlang 25.3.2.3 [jit]
2023-12-26 10:05:27.353863+00:00 [info] <0.230.0>  Copyright (c) 2007-2023 VMware, Inc. or its affiliates.
2023-12-26 10:05:27.353863+00:00 [info] <0.230.0>  Licensed under the MPL 2.0. Website: https://rabbitmq.com
2023-12-26 10:05:27.354460+00:00 [info] <0.230.0> 
2023-12-26 10:05:27.354460+00:00 [info] <0.230.0>  node           : rabbit@b4431c155995
2023-12-26 10:05:27.354460+00:00 [info] <0.230.0>  home dir       : /var/lib/rabbitmq
2023-12-26 10:05:27.354460+00:00 [info] <0.230.0>  config file(s) : (none)
2023-12-26 10:05:27.354460+00:00 [info] <0.230.0>  cookie hash    : 8eFobFkdNqT4N1criZG0eA==
2023-12-26 10:05:27.354460+00:00 [info] <0.230.0>  log(s)         : /var/log/rabbitmq/rabbit@b4431c155995.log
2023-12-26 10:05:27.354460+00:00 [info] <0.230.0>                 : <stdout>
2023-12-26 10:05:27.354460+00:00 [info] <0.230.0>  data dir       : /var/lib/rabbitmq/mnesia/rabbit@b4431c155995
2023-12-26 10:05:28.986304+00:00 [info] <0.230.0> Running boot step pre_boot defined by app rabbit
2023-12-26 10:05:28.986341+00:00 [info] <0.230.0> Running boot step rabbit_global_counters defined by app rabbit
2023-12-26 10:05:28.986478+00:00 [info] <0.230.0> Running boot step rabbit_osiris_metrics defined by app rabbit
2023-12-26 10:05:28.986576+00:00 [info] <0.230.0> Running boot step rabbit_core_metrics defined by app rabbit
2023-12-26 10:05:28.986868+00:00 [info] <0.230.0> Running boot step rabbit_alarm defined by app rabbit
2023-12-26 10:05:28.988689+00:00 [info] <0.374.0> Memory high watermark set to 3138 MiB (3291122892 bytes) of 7846 MiB (8227807232 bytes) total
2023-12-26 10:05:28.990575+00:00 [info] <0.376.0> Enabling free disk space monitoring (disk free space: 71081037824, total memory: 8227807232)
2023-12-26 10:05:28.990607+00:00 [info] <0.376.0> Disk free limit set to 50MB
2023-12-26 10:05:28.991502+00:00 [info] <0.230.0> Running boot step code_server_cache defined by app rabbit
2023-12-26 10:05:28.991550+00:00 [info] <0.230.0> Running boot step file_handle_cache defined by app rabbit
2023-12-26 10:05:28.991639+00:00 [info] <0.379.0> Limiting to approx 1048479 file handles (943629 sockets)
2023-12-26 10:05:28.991686+00:00 [info] <0.380.0> FHC read buffering: OFF
2023-12-26 10:05:28.991700+00:00 [info] <0.380.0> FHC write buffering: ON
2023-12-26 10:05:28.991947+00:00 [info] <0.230.0> Running boot step worker_pool defined by app rabbit
2023-12-26 10:05:28.991986+00:00 [info] <0.358.0> Will use 8 processes for default worker pool
2023-12-26 10:05:28.992001+00:00 [info] <0.358.0> Starting worker pool 'worker_pool' with 8 processes in it
2023-12-26 10:05:28.992205+00:00 [info] <0.230.0> Running boot step database defined by app rabbit
2023-12-26 10:05:28.994518+00:00 [info] <0.230.0> Waiting for Mnesia tables for 30000 ms, 9 retries left
2023-12-26 10:05:28.995049+00:00 [info] <0.230.0> Successfully synced tables from a peer
2023-12-26 10:05:28.997632+00:00 [info] <0.230.0> Waiting for Mnesia tables for 30000 ms, 9 retries left
2023-12-26 10:05:28.997692+00:00 [info] <0.230.0> Successfully synced tables from a peer
2023-12-26 10:05:28.997705+00:00 [info] <0.230.0> Peer discovery backend rabbit_peer_discovery_classic_config does not support registration, skipping registration.
2023-12-26 10:05:28.997791+00:00 [info] <0.230.0> Running boot step tracking_metadata_store defined by app rabbit
2023-12-26 10:05:28.997817+00:00 [info] <0.398.0> Setting up a table for connection tracking on this node: tracked_connection
2023-12-26 10:05:28.997838+00:00 [info] <0.398.0> Setting up a table for per-vhost connection counting on this node: tracked_connection_per_vhost
2023-12-26 10:05:28.997860+00:00 [info] <0.398.0> Setting up a table for per-user connection counting on this node: tracked_connection_per_user
2023-12-26 10:05:28.997893+00:00 [info] <0.398.0> Setting up a table for channel tracking on this node: tracked_channel
2023-12-26 10:05:28.997921+00:00 [info] <0.398.0> Setting up a table for channel tracking on this node: tracked_channel_per_user
2023-12-26 10:05:28.997977+00:00 [info] <0.230.0> Running boot step networking_metadata_store defined by app rabbit
2023-12-26 10:05:28.998017+00:00 [info] <0.230.0> Running boot step feature_flags defined by app rabbit
2023-12-26 10:05:28.998109+00:00 [info] <0.230.0> Running boot step codec_correctness_check defined by app rabbit
2023-12-26 10:05:28.998131+00:00 [info] <0.230.0> Running boot step external_infrastructure defined by app rabbit
2023-12-26 10:05:28.998144+00:00 [info] <0.230.0> Running boot step rabbit_event defined by app rabbit
2023-12-26 10:05:28.998187+00:00 [info] <0.230.0> Running boot step rabbit_registry defined by app rabbit
2023-12-26 10:05:28.998209+00:00 [info] <0.230.0> Running boot step rabbit_auth_mechanism_amqplain defined by app rabbit
2023-12-26 10:05:28.998232+00:00 [info] <0.230.0> Running boot step rabbit_auth_mechanism_cr_demo defined by app rabbit
2023-12-26 10:05:28.998302+00:00 [info] <0.230.0> Running boot step rabbit_auth_mechanism_plain defined by app rabbit
2023-12-26 10:05:28.998342+00:00 [info] <0.230.0> Running boot step rabbit_exchange_type_direct defined by app rabbit
2023-12-26 10:05:28.998383+00:00 [info] <0.230.0> Running boot step rabbit_exchange_type_fanout defined by app rabbit
2023-12-26 10:05:28.998420+00:00 [info] <0.230.0> Running boot step rabbit_exchange_type_headers defined by app rabbit
2023-12-26 10:05:28.998446+00:00 [info] <0.230.0> Running boot step rabbit_exchange_type_topic defined by app rabbit
2023-12-26 10:05:28.998486+00:00 [info] <0.230.0> Running boot step rabbit_mirror_queue_mode_all defined by app rabbit
2023-12-26 10:05:28.998514+00:00 [info] <0.230.0> Running boot step rabbit_mirror_queue_mode_exactly defined by app rabbit
2023-12-26 10:05:28.998547+00:00 [info] <0.230.0> Running boot step rabbit_mirror_queue_mode_nodes defined by app rabbit
2023-12-26 10:05:28.998573+00:00 [info] <0.230.0> Running boot step rabbit_priority_queue defined by app rabbit
2023-12-26 10:05:28.998586+00:00 [info] <0.230.0> Priority queues enabled, real BQ is rabbit_variable_queue
2023-12-26 10:05:28.998618+00:00 [info] <0.230.0> Running boot step rabbit_queue_location_client_local defined by app rabbit
2023-12-26 10:05:28.998661+00:00 [info] <0.230.0> Running boot step rabbit_queue_location_min_masters defined by app rabbit
2023-12-26 10:05:28.998695+00:00 [info] <0.230.0> Running boot step rabbit_queue_location_random defined by app rabbit
2023-12-26 10:05:28.998713+00:00 [info] <0.230.0> Running boot step kernel_ready defined by app rabbit
2023-12-26 10:05:28.998723+00:00 [info] <0.230.0> Running boot step rabbit_sysmon_minder defined by app rabbit
2023-12-26 10:05:28.998780+00:00 [info] <0.230.0> Running boot step rabbit_epmd_monitor defined by app rabbit
2023-12-26 10:05:28.999193+00:00 [info] <0.406.0> epmd monitor knows us, inter-node communication (distribution) port: 25672
2023-12-26 10:05:28.999241+00:00 [info] <0.230.0> Running boot step guid_generator defined by app rabbit
2023-12-26 10:05:29.000258+00:00 [info] <0.230.0> Running boot step rabbit_node_monitor defined by app rabbit
2023-12-26 10:05:29.000373+00:00 [info] <0.410.0> Starting rabbit_node_monitor
2023-12-26 10:05:29.000420+00:00 [info] <0.230.0> Running boot step delegate_sup defined by app rabbit
2023-12-26 10:05:29.000740+00:00 [info] <0.230.0> Running boot step rabbit_memory_monitor defined by app rabbit
2023-12-26 10:05:29.000842+00:00 [info] <0.230.0> Running boot step rabbit_fifo_dlx_sup defined by app rabbit
2023-12-26 10:05:29.000871+00:00 [info] <0.230.0> Running boot step core_initialized defined by app rabbit
2023-12-26 10:05:29.000881+00:00 [info] <0.230.0> Running boot step rabbit_channel_tracking_handler defined by app rabbit
2023-12-26 10:05:29.000906+00:00 [info] <0.230.0> Running boot step rabbit_connection_tracking_handler defined by app rabbit
2023-12-26 10:05:29.000945+00:00 [info] <0.230.0> Running boot step rabbit_definitions_hashing defined by app rabbit
2023-12-26 10:05:29.000987+00:00 [info] <0.230.0> Running boot step rabbit_exchange_parameters defined by app rabbit
2023-12-26 10:05:29.001105+00:00 [info] <0.230.0> Running boot step rabbit_mirror_queue_misc defined by app rabbit
2023-12-26 10:05:29.001270+00:00 [info] <0.230.0> Running boot step rabbit_policies defined by app rabbit
2023-12-26 10:05:29.001433+00:00 [info] <0.230.0> Running boot step rabbit_policy defined by app rabbit
2023-12-26 10:05:29.001458+00:00 [info] <0.230.0> Running boot step rabbit_queue_location_validator defined by app rabbit
2023-12-26 10:05:29.001491+00:00 [info] <0.230.0> Running boot step rabbit_quorum_memory_manager defined by app rabbit
2023-12-26 10:05:29.001519+00:00 [info] <0.230.0> Running boot step rabbit_stream_coordinator defined by app rabbit
2023-12-26 10:05:29.001581+00:00 [info] <0.230.0> Running boot step rabbit_vhost_limit defined by app rabbit
2023-12-26 10:05:29.001611+00:00 [info] <0.230.0> Running boot step recovery defined by app rabbit
2023-12-26 10:05:29.002017+00:00 [info] <0.442.0> Making sure data directory '/var/lib/rabbitmq/mnesia/rabbit@b4431c155995/msg_stores/vhosts/628WB79CIFDYO9LJI6DKMI09L' for vhost '/' exists
2023-12-26 10:05:29.004477+00:00 [info] <0.442.0> Starting message stores for vhost '/'
2023-12-26 10:05:29.004567+00:00 [info] <0.452.0> Message store "628WB79CIFDYO9LJI6DKMI09L/msg_store_transient": using rabbit_msg_store_ets_index to provide index
2023-12-26 10:05:29.007299+00:00 [info] <0.442.0> Started message store of type transient for vhost '/'
2023-12-26 10:05:29.007380+00:00 [info] <0.456.0> Message store "628WB79CIFDYO9LJI6DKMI09L/msg_store_persistent": using rabbit_msg_store_ets_index to provide index
2023-12-26 10:05:29.010855+00:00 [info] <0.442.0> Started message store of type persistent for vhost '/'
2023-12-26 10:05:29.010923+00:00 [info] <0.442.0> Recovering 0 queues of type rabbit_classic_queue took 8ms
2023-12-26 10:05:29.010940+00:00 [info] <0.442.0> Recovering 0 queues of type rabbit_quorum_queue took 0ms
2023-12-26 10:05:29.010950+00:00 [info] <0.442.0> Recovering 0 queues of type rabbit_stream_queue took 0ms
2023-12-26 10:05:29.011627+00:00 [info] <0.230.0> Running boot step empty_db_check defined by app rabbit
2023-12-26 10:05:29.011654+00:00 [info] <0.230.0> Will not seed default virtual host and user: have definitions to load...
2023-12-26 10:05:29.011664+00:00 [info] <0.230.0> Running boot step rabbit_observer_cli defined by app rabbit
2023-12-26 10:05:29.011700+00:00 [info] <0.230.0> Running boot step rabbit_looking_glass defined by app rabbit
2023-12-26 10:05:29.011719+00:00 [info] <0.230.0> Running boot step rabbit_core_metrics_gc defined by app rabbit
2023-12-26 10:05:29.011769+00:00 [info] <0.230.0> Running boot step background_gc defined by app rabbit
2023-12-26 10:05:29.011814+00:00 [info] <0.230.0> Running boot step routing_ready defined by app rabbit
2023-12-26 10:05:29.011829+00:00 [info] <0.230.0> Running boot step pre_flight defined by app rabbit
2023-12-26 10:05:29.011837+00:00 [info] <0.230.0> Running boot step notify_cluster defined by app rabbit
2023-12-26 10:05:29.011851+00:00 [info] <0.230.0> Running boot step networking defined by app rabbit
2023-12-26 10:05:29.011869+00:00 [info] <0.230.0> Running boot step definition_import_worker_pool defined by app rabbit
2023-12-26 10:05:29.011900+00:00 [info] <0.358.0> Starting worker pool 'definition_import_pool' with 8 processes in it
2023-12-26 10:05:29.012197+00:00 [info] <0.230.0> Running boot step cluster_name defined by app rabbit
2023-12-26 10:05:29.012220+00:00 [info] <0.230.0> Running boot step direct_client defined by app rabbit
2023-12-26 10:05:29.012274+00:00 [info] <0.230.0> Running boot step rabbit_maintenance_mode_state defined by app rabbit
2023-12-26 10:05:29.012307+00:00 [info] <0.230.0> Creating table rabbit_node_maintenance_states for maintenance mode status
2023-12-26 10:05:29.012421+00:00 [info] <0.496.0> Resetting node maintenance status
2023-12-26 10:05:29.012524+00:00 [info] <0.496.0> Ready to start client connection listeners
2023-12-26 10:05:29.013525+00:00 [info] <0.514.0> started TCP listener on [::]:5672
2023-12-26 10:05:29.082780+00:00 [info] <0.496.0> Server startup complete; 0 plugins started.
2023-12-26 10:05:56.193176+00:00 [info] <0.553.0> accepting AMQP connection <0.553.0> (172.18.0.5:36324 -> 172.18.0.3:5672)
2023-12-26 10:05:56.196329+00:00 [error] <0.553.0> Error on AMQP connection <0.553.0> (172.18.0.5:36324 -> 172.18.0.3:5672, state: starting):
2023-12-26 10:05:56.196329+00:00 [error] <0.553.0> PLAIN login refused: user 'guest' can only connect via localhost
2023-12-26 10:05:56.197059+00:00 [info] <0.553.0> closing AMQP connection <0.553.0> (172.18.0.5:36324 -> 172.18.0.3:5672)
2023-12-26 10:05:57.958917+00:00 [info] <0.565.0> accepting AMQP connection <0.565.0> (172.18.0.4:54690 -> 172.18.0.3:5672)
2023-12-26 10:05:57.962373+00:00 [error] <0.565.0> Error on AMQP connection <0.565.0> (172.18.0.4:54690 -> 172.18.0.3:5672, state: starting):
2023-12-26 10:05:57.962373+00:00 [error] <0.565.0> PLAIN login refused: user 'guest' can only connect via localhost
2023-12-26 10:05:57.964573+00:00 [info] <0.565.0> closing AMQP connection <0.565.0> (172.18.0.4:54690 -> 172.18.0.3:5672)
2023-12-26 10:10:06.367745+00:00 [notice] <0.61.0> SIGTERM received - shutting down
2023-12-26 10:10:06.367745+00:00 [notice] <0.61.0> 
2023-12-26 10:10:06.368779+00:00 [info] <0.230.0> Peer discovery backend rabbit_peer_discovery_classic_config does not support registration, skipping unregistration.
2023-12-26 10:10:06.368980+00:00 [info] <0.514.0> stopped TCP listener on [::]:5672
2023-12-26 10:10:06.369833+00:00 [info] <0.894.0> Closing all connections in vhost '/' on node 'rabbit@b4431c155995' because the vhost is stopping
2023-12-26 10:10:06.369880+00:00 [info] <0.456.0> Stopping message store for directory '/var/lib/rabbitmq/mnesia/rabbit@b4431c155995/msg_stores/vhosts/628WB79CIFDYO9LJI6DKMI09L/msg_store_persistent'
2023-12-26 10:10:06.375120+00:00 [info] <0.456.0> Message store for directory '/var/lib/rabbitmq/mnesia/rabbit@b4431c155995/msg_stores/vhosts/628WB79CIFDYO9LJI6DKMI09L/msg_store_persistent' is stopped
2023-12-26 10:10:06.375223+00:00 [info] <0.452.0> Stopping message store for directory '/var/lib/rabbitmq/mnesia/rabbit@b4431c155995/msg_stores/vhosts/628WB79CIFDYO9LJI6DKMI09L/msg_store_transient'
2023-12-26 10:10:06.378711+00:00 [info] <0.452.0> Message store for directory '/var/lib/rabbitmq/mnesia/rabbit@b4431c155995/msg_stores/vhosts/628WB79CIFDYO9LJI6DKMI09L/msg_store_transient' is stopped
